<?xml version="1.0" encoding="UTF-8"?>
<!-- Generated by org.testng.reporters.JUnitXMLReporter -->
<testsuite hostname="DESKTOP-LR00Q52" ignored="0" name="CheckoutPageTest test cases(failed)" tests="2" failures="0" timestamp="2023-06-13T13:31:05 EDT" time="10.68" errors="0">
  <testcase name="verifyCheckoutPage" time="3.979" classname="tests.CheckoutPageTest"/>
  <testcase name="verifyContinueCheckout" time="2.542" classname="tests.CheckoutPageTest"/>
</testsuite> <!-- CheckoutPageTest test cases(failed) -->
