<?xml version="1.0" encoding="UTF-8"?>
<!-- Generated by org.testng.reporters.JUnitXMLReporter -->
<testsuite hostname="DESKTOP-LR00Q52" ignored="1" name="OrderPageTest(failed)" tests="1" failures="0" timestamp="2023-06-13T13:31:21 EDT" time="5.517" errors="0">
  <testcase name="verifyContinueOrder" time="2.322" classname="tests.OrderPageTest"/>
  <testcase name="verifyOrderPage" time="0.0" classname="tests.OrderPageTest">
    <ignored/>
  </testcase> <!-- verifyOrderPage -->
</testsuite> <!-- OrderPageTest(failed) -->
