<?xml version="1.0" encoding="UTF-8"?>
<!-- Generated by org.testng.reporters.JUnitXMLReporter -->
<testsuite hostname="DESKTOP-LR00Q52" ignored="0" name="Add product to cart" tests="3" failures="0" timestamp="2023-06-08T14:59:32 EDT" time="7.839" errors="0">
  <testcase name="verifyAddToCart" time="1.246" classname="tests.ProductPageTest"/>
  <testcase name="verifyRemoveFromCart" time="0.88" classname="tests.ProductPageTest"/>
  <testcase name="verifyContinueShopping" time="1.154" classname="tests.ProductPageTest"/>
</testsuite> <!-- Add product to cart -->
